Watching for file changes with StatReloader
[29/Apr/2026 23:07:55] "GET /api/core/empresas/ HTTP/1.1" 200 2
[29/Apr/2026 23:08:08] "POST /api/core/empresas/ HTTP/1.1" 201 299
[29/Apr/2026 23:57:25] "GET /api/core/empresas/ HTTP/1.1" 200 301
[29/Apr/2026 23:57:25] "GET /api/core/empresas/ HTTP/1.1" 200 301
[30/Apr/2026 10:46:21] "GET /api/core/empresas/ HTTP/1.1" 200 301
[30/Apr/2026 10:46:21] "GET /api/core/empresas/ HTTP/1.1" 200 301
[30/Apr/2026 10:46:52] "OPTIONS /api/core/empresas/1/ HTTP/1.1" 200 0
[30/Apr/2026 10:46:52] "PUT /api/core/empresas/1/ HTTP/1.1" 200 301
[30/Apr/2026 10:46:52] "GET /api/core/empresas/ HTTP/1.1" 200 303
[30/Apr/2026 10:47:08] "GET /api/core/empresas/ HTTP/1.1" 200 303
[30/Apr/2026 10:47:08] "GET /api/core/empresas/ HTTP/1.1" 200 303
[30/Apr/2026 10:49:34] "GET /api/core/empresas/ HTTP/1.1" 200 303
[30/Apr/2026 10:49:34] "GET /api/core/empresas/ HTTP/1.1" 200 303
/mnt/46F84CA3F84C935B/SAGACITAS_SaaS/SIMU_MES Oficina/backend/django_app/core/serializers.py changed, reloading.
Performing system checks...

System check identified no issues (0 silenced).
April 29, 2026 - 23:07:41
Django version 5.2.13, using settings 'config.settings'
Starting development server at http://0.0.0.0:8000/
Quit the server with CONTROL-C.

WARNING: This is a development server. Do not use it in a production setting. Use a production WSGI or ASGI server instead.
For more information on production servers see: https://docs.djangoproject.com/en/5.2/howto/deployment/
Watching for file changes with StatReloader
/mnt/46F84CA3F84C935B/SAGACITAS_SaaS/SIMU_MES Oficina/backend/django_app/core/views.py changed, reloading.
Performing system checks...

System check identified no issues (0 silenced).
April 30, 2026 - 10:56:54
Django version 5.2.13, using settings 'config.settings'
Starting development server at http://0.0.0.0:8000/
Quit the server with CONTROL-C.

WARNING: This is a development server. Do not use it in a production setting. Use a production WSGI or ASGI server instead.
For more information on production servers see: https://docs.djangoproject.com/en/5.2/howto/deployment/
Watching for file changes with StatReloader
/mnt/46F84CA3F84C935B/SAGACITAS_SaaS/SIMU_MES Oficina/backend/django_app/core/urls.py changed, reloading.
Performing system checks...

System check identified no issues (0 silenced).
April 30, 2026 - 10:57:03
Django version 5.2.13, using settings 'config.settings'
Starting development server at http://0.0.0.0:8000/
Quit the server with CONTROL-C.

WARNING: This is a development server. Do not use it in a production setting. Use a production WSGI or ASGI server instead.
For more information on production servers see: https://docs.djangoproject.com/en/5.2/howto/deployment/
Watching for file changes with StatReloader
/mnt/46F84CA3F84C935B/SAGACITAS_SaaS/SIMU_MES Oficina/backend/django_app/config/urls.py changed, reloading.
Performing system checks...

System check identified no issues (0 silenced).
April 30, 2026 - 10:57:12
Django version 5.2.13, using settings 'config.settings'
Starting development server at http://0.0.0.0:8000/
Quit the server with CONTROL-C.

WARNING: This is a development server. Do not use it in a production setting. Use a production WSGI or ASGI server instead.
For more information on production servers see: https://docs.djangoproject.com/en/5.2/howto/deployment/
Watching for file changes with StatReloader
[30/Apr/2026 11:00:27] "GET /api/veiculos/marcas/ HTTP/1.1" 200 2
[30/Apr/2026 11:02:54] "GET /api/veiculos/ativos/?placa=ABC1234 HTTP/1.1" 200 2
[30/Apr/2026 11:03:36] "GET /api/veiculos/marcas/ HTTP/1.1" 200 2
[30/Apr/2026 11:03:36] "GET /api/core/clientes/ HTTP/1.1" 200 2
[30/Apr/2026 11:03:36] "GET /api/veiculos/marcas/ HTTP/1.1" 200 2
[30/Apr/2026 11:03:36] "GET /api/core/clientes/ HTTP/1.1" 200 2
[30/Apr/2026 11:04:52] "GET /api/core/clientes/ HTTP/1.1" 200 2
[30/Apr/2026 11:27:09] "GET /api/core/clientes/ HTTP/1.1" 200 2
[30/Apr/2026 11:27:09] "GET /api/veiculos/marcas/ HTTP/1.1" 200 2
[30/Apr/2026 11:27:09] "GET /api/core/clientes/ HTTP/1.1" 200 2
[30/Apr/2026 11:27:09] "GET /api/veiculos/marcas/ HTTP/1.1" 200 2
/mnt/46F84CA3F84C935B/SAGACITAS_SaaS/SIMU_MES Oficina/backend/django_app/veiculos/models.py changed, reloading.
Performing system checks...

System check identified no issues (0 silenced).
April 30, 2026 - 10:58:01
Django version 5.2.13, using settings 'config.settings'
Starting development server at http://0.0.0.0:8000/
Quit the server with CONTROL-C.

WARNING: This is a development server. Do not use it in a production setting. Use a production WSGI or ASGI server instead.
For more information on production servers see: https://docs.djangoproject.com/en/5.2/howto/deployment/
Watching for file changes with StatReloader
Exception in thread django-main-thread:
Traceback (most recent call last):
  File "/usr/lib/python3.12/threading.py", line 1073, in _bootstrap_inner
    self.run()
  File "/usr/lib/python3.12/threading.py", line 1010, in run
    self._target(*self._args, **self._kwargs)
  File "/mnt/46F84CA3F84C935B/SAGACITAS_SaaS/SIMU_MES Oficina/venv/lib/python3.12/site-packages/django/utils/autoreload.py", line 64, in wrapper
    fn(*args, **kwargs)
  File "/mnt/46F84CA3F84C935B/SAGACITAS_SaaS/SIMU_MES Oficina/venv/lib/python3.12/site-packages/django/core/management/commands/runserver.py", line 134, in inner_run
    self.check(**check_kwargs)
  File "/mnt/46F84CA3F84C935B/SAGACITAS_SaaS/SIMU_MES Oficina/venv/lib/python3.12/site-packages/django/core/management/base.py", line 573, in check
    raise SystemCheckError(msg)
django.core.management.base.SystemCheckError: SystemCheckError: System check identified some issues:

ERRORS:
<class 'veiculos.admin.AtivoAdmin'>: (admin.E002) The value of 'raw_id_fields[1]' refers to 'modelo', which is not a field of 'veiculos.Ativo'.
<class 'veiculos.admin.AtivoAdmin'>: (admin.E108) The value of 'list_display[3]' refers to 'modelo', which is not a callable or attribute of 'AtivoAdmin', or an attribute, method, or field on 'veiculos.Ativo'.

System check identified 2 issues (0 silenced).
/mnt/46F84CA3F84C935B/SAGACITAS_SaaS/SIMU_MES Oficina/backend/django_app/veiculos/serializers.py changed, reloading.
Performing system checks...

Watching for file changes with StatReloader
Exception in thread django-main-thread:
Traceback (most recent call last):
  File "/usr/lib/python3.12/threading.py", line 1073, in _bootstrap_inner
    self.run()
  File "/usr/lib/python3.12/threading.py", line 1010, in run
    self._target(*self._args, **self._kwargs)
  File "/mnt/46F84CA3F84C935B/SAGACITAS_SaaS/SIMU_MES Oficina/venv/lib/python3.12/site-packages/django/utils/autoreload.py", line 64, in wrapper
    fn(*args, **kwargs)
  File "/mnt/46F84CA3F84C935B/SAGACITAS_SaaS/SIMU_MES Oficina/venv/lib/python3.12/site-packages/django/core/management/commands/runserver.py", line 134, in inner_run
    self.check(**check_kwargs)
  File "/mnt/46F84CA3F84C935B/SAGACITAS_SaaS/SIMU_MES Oficina/venv/lib/python3.12/site-packages/django/core/management/base.py", line 573, in check
    raise SystemCheckError(msg)
django.core.management.base.SystemCheckError: SystemCheckError: System check identified some issues:

ERRORS:
<class 'veiculos.admin.AtivoAdmin'>: (admin.E002) The value of 'raw_id_fields[1]' refers to 'modelo', which is not a field of 'veiculos.Ativo'.
<class 'veiculos.admin.AtivoAdmin'>: (admin.E108) The value of 'list_display[3]' refers to 'modelo', which is not a callable or attribute of 'AtivoAdmin', or an attribute, method, or field on 'veiculos.Ativo'.

System check identified 2 issues (0 silenced).
/mnt/46F84CA3F84C935B/SAGACITAS_SaaS/SIMU_MES Oficina/backend/django_app/veiculos/views.py changed, reloading.
Performing system checks...

Watching for file changes with StatReloader
Exception in thread django-main-thread:
Traceback (most recent call last):
  File "/usr/lib/python3.12/threading.py", line 1073, in _bootstrap_inner
    self.run()
  File "/usr/lib/python3.12/threading.py", line 1010, in run
    self._target(*self._args, **self._kwargs)
  File "/mnt/46F84CA3F84C935B/SAGACITAS_SaaS/SIMU_MES Oficina/venv/lib/python3.12/site-packages/django/utils/autoreload.py", line 64, in wrapper
    fn(*args, **kwargs)
  File "/mnt/46F84CA3F84C935B/SAGACITAS_SaaS/SIMU_MES Oficina/venv/lib/python3.12/site-packages/django/core/management/commands/runserver.py", line 134, in inner_run
    self.check(**check_kwargs)
  File "/mnt/46F84CA3F84C935B/SAGACITAS_SaaS/SIMU_MES Oficina/venv/lib/python3.12/site-packages/django/core/management/base.py", line 573, in check
    raise SystemCheckError(msg)
django.core.management.base.SystemCheckError: SystemCheckError: System check identified some issues:

ERRORS:
<class 'veiculos.admin.AtivoAdmin'>: (admin.E002) The value of 'raw_id_fields[1]' refers to 'modelo', which is not a field of 'veiculos.Ativo'.
<class 'veiculos.admin.AtivoAdmin'>: (admin.E108) The value of 'list_display[3]' refers to 'modelo', which is not a callable or attribute of 'AtivoAdmin', or an attribute, method, or field on 'veiculos.Ativo'.

System check identified 2 issues (0 silenced).
/mnt/46F84CA3F84C935B/SAGACITAS_SaaS/SIMU_MES Oficina/backend/django_app/veiculos/urls.py changed, reloading.
Performing system checks...

Watching for file changes with StatReloader
Exception in thread django-main-thread:
Traceback (most recent call last):
  File "/usr/lib/python3.12/threading.py", line 1073, in _bootstrap_inner
    self.run()
  File "/usr/lib/python3.12/threading.py", line 1010, in run
    self._target(*self._args, **self._kwargs)
  File "/mnt/46F84CA3F84C935B/SAGACITAS_SaaS/SIMU_MES Oficina/venv/lib/python3.12/site-packages/django/utils/autoreload.py", line 64, in wrapper
    fn(*args, **kwargs)
  File "/mnt/46F84CA3F84C935B/SAGACITAS_SaaS/SIMU_MES Oficina/venv/lib/python3.12/site-packages/django/core/management/commands/runserver.py", line 134, in inner_run
    self.check(**check_kwargs)
  File "/mnt/46F84CA3F84C935B/SAGACITAS_SaaS/SIMU_MES Oficina/venv/lib/python3.12/site-packages/django/core/management/base.py", line 573, in check
    raise SystemCheckError(msg)
django.core.management.base.SystemCheckError: SystemCheckError: System check identified some issues:

ERRORS:
<class 'veiculos.admin.AtivoAdmin'>: (admin.E002) The value of 'raw_id_fields[1]' refers to 'modelo', which is not a field of 'veiculos.Ativo'.
<class 'veiculos.admin.AtivoAdmin'>: (admin.E108) The value of 'list_display[3]' refers to 'modelo', which is not a callable or attribute of 'AtivoAdmin', or an attribute, method, or field on 'veiculos.Ativo'.

System check identified 2 issues (0 silenced).
/mnt/46F84CA3F84C935B/SAGACITAS_SaaS/SIMU_MES Oficina/backend/django_app/veiculos/admin.py changed, reloading.
Performing system checks...

Watching for file changes with StatReloader
Exception in thread django-main-thread:
Traceback (most recent call last):
  File "/usr/lib/python3.12/threading.py", line 1073, in _bootstrap_inner
    self.run()
  File "/usr/lib/python3.12/threading.py", line 1010, in run
    self._target(*self._args, **self._kwargs)
  File "/mnt/46F84CA3F84C935B/SAGACITAS_SaaS/SIMU_MES Oficina/venv/lib/python3.12/site-packages/django/utils/autoreload.py", line 64, in wrapper
    fn(*args, **kwargs)
  File "/mnt/46F84CA3F84C935B/SAGACITAS_SaaS/SIMU_MES Oficina/venv/lib/python3.12/site-packages/django/core/management/commands/runserver.py", line 137, in inner_run
    self.check_migrations()
  File "/mnt/46F84CA3F84C935B/SAGACITAS_SaaS/SIMU_MES Oficina/venv/lib/python3.12/site-packages/django/core/management/base.py", line 591, in check_migrations
    executor = MigrationExecutor(connections[DEFAULT_DB_ALIAS])
               ^^^^^^^^^^^^^^^^^^^^^^^^^^^^^^^^^^^^^^^^^^^^^^^^
  File "/mnt/46F84CA3F84C935B/SAGACITAS_SaaS/SIMU_MES Oficina/venv/lib/python3.12/site-packages/django/db/migrations/executor.py", line 18, in __init__
    self.loader = MigrationLoader(self.connection)
                  ^^^^^^^^^^^^^^^^^^^^^^^^^^^^^^^^
  File "/mnt/46F84CA3F84C935B/SAGACITAS_SaaS/SIMU_MES Oficina/venv/lib/python3.12/site-packages/django/db/migrations/loader.py", line 58, in __init__
    self.build_graph()
  File "/mnt/46F84CA3F84C935B/SAGACITAS_SaaS/SIMU_MES Oficina/venv/lib/python3.12/site-packages/django/db/migrations/loader.py", line 276, in build_graph
    self.graph.validate_consistency()
  File "/mnt/46F84CA3F84C935B/SAGACITAS_SaaS/SIMU_MES Oficina/venv/lib/python3.12/site-packages/django/db/migrations/graph.py", line 198, in validate_consistency
    [n.raise_error() for n in self.node_map.values() if isinstance(n, DummyNode)]
     ^^^^^^^^^^^^^^^
  File "/mnt/46F84CA3F84C935B/SAGACITAS_SaaS/SIMU_MES Oficina/venv/lib/python3.12/site-packages/django/db/migrations/graph.py", line 60, in raise_error
    raise NodeNotFoundError(self.error_message, self.key, origin=self.origin)
django.db.migrations.exceptions.NodeNotFoundError: Migration operacional.0001_initial dependencies reference nonexistent parent node ('veiculos', '0001_initial')
/mnt/46F84CA3F84C935B/SAGACITAS_SaaS/SIMU_MES Oficina/backend/django_app/catalogo/migrations/0001_initial.py changed, reloading.
Performing system checks...

System check identified no issues (0 silenced).
Watching for file changes with StatReloader
[30/Apr/2026 11:42:25] "GET /api/veiculos/marcas/ HTTP/1.1" 200 2
[30/Apr/2026 11:42:25] "GET /api/core/clientes/ HTTP/1.1" 200 2
[30/Apr/2026 11:45:56] "GET /api/core/clientes/ HTTP/1.1" 200 272
[30/Apr/2026 11:45:56] "GET /api/veiculos/marcas/ HTTP/1.1" 200 90
[30/Apr/2026 11:45:56] "GET /api/veiculos/marcas/ HTTP/1.1" 200 90
[30/Apr/2026 11:45:56] "GET /api/core/clientes/ HTTP/1.1" 200 272
[30/Apr/2026 11:46:15] "GET /api/veiculos/modelos/?marca=1 HTTP/1.1" 200 147
[30/Apr/2026 11:46:24] "GET /api/veiculos/versoes/?modelo=1 HTTP/1.1" 200 216
[30/Apr/2026 11:46:44] "GET /api/veiculos/ativos/?placa=ABC-1234 HTTP/1.1" 200 2
[30/Apr/2026 11:46:46] "OPTIONS /api/veiculos/ativos/ HTTP/1.1" 200 0
[30/Apr/2026 11:46:46] "POST /api/veiculos/ativos/ HTTP/1.1" 201 351
[30/Apr/2026 11:47:49] "GET /api/veiculos/versoes/?modelo=1 HTTP/1.1" 200 216
[30/Apr/2026 11:47:52] "OPTIONS /api/veiculos/ativos/1/ HTTP/1.1" 200 0
[30/Apr/2026 11:47:53] "PUT /api/veiculos/ativos/1/ HTTP/1.1" 200 351
[30/Apr/2026 11:48:41] "GET /api/veiculos/marcas/ HTTP/1.1" 200 90
[30/Apr/2026 11:48:41] "GET /api/core/clientes/ HTTP/1.1" 200 272
[30/Apr/2026 11:48:41] "GET /api/veiculos/marcas/ HTTP/1.1" 200 90
[30/Apr/2026 11:48:41] "GET /api/core/clientes/ HTTP/1.1" 200 272
[30/Apr/2026 11:49:02] "GET /api/veiculos/modelos/?marca=1 HTTP/1.1" 200 147
[30/Apr/2026 11:49:04] "GET /api/veiculos/versoes/?modelo=1 HTTP/1.1" 200 216
[30/Apr/2026 11:49:10] "GET /api/veiculos/ativos/?placa=ABC-1234 HTTP/1.1" 200 353
[30/Apr/2026 11:49:10] "GET /api/veiculos/modelos/?marca=1 HTTP/1.1" 200 147
[30/Apr/2026 11:49:10] "GET /api/veiculos/versoes/?modelo=1 HTTP/1.1" 200 216
[30/Apr/2026 11:49:12] "PUT /api/veiculos/ativos/1/ HTTP/1.1" 200 351
[30/Apr/2026 11:50:46] "GET /api/veiculos/versoes/?modelo=1 HTTP/1.1" 200 216
[30/Apr/2026 11:51:18] "PUT /api/veiculos/ativos/1/ HTTP/1.1" 200 359
[30/Apr/2026 11:53:37] "GET /api/veiculos/ativos/?placa=MTD%209587 HTTP/1.1" 200 361
[30/Apr/2026 11:53:37] "GET /api/veiculos/modelos/?marca=1 HTTP/1.1" 200 147
[30/Apr/2026 11:53:37] "GET /api/veiculos/versoes/?modelo=1 HTTP/1.1" 200 216
[30/Apr/2026 11:55:35] "GET /api/veiculos/ativos/?placa=MTD%209587 HTTP/1.1" 200 361
[30/Apr/2026 11:55:35] "GET /api/veiculos/modelos/?marca=1 HTTP/1.1" 200 147
[30/Apr/2026 11:55:35] "GET /api/veiculos/versoes/?modelo=1 HTTP/1.1" 200 216
[30/Apr/2026 11:59:33] "GET /api/core/clientes/ HTTP/1.1" 200 272
[30/Apr/2026 11:59:33] "GET /api/veiculos/marcas/ HTTP/1.1" 200 90
[30/Apr/2026 11:59:33] "GET /api/veiculos/marcas/ HTTP/1.1" 200 90
[30/Apr/2026 11:59:33] "GET /api/core/clientes/ HTTP/1.1" 200 272
[30/Apr/2026 11:59:55] "GET /api/veiculos/ativos/?placa=TST-1234 HTTP/1.1" 200 361
[30/Apr/2026 11:59:55] "GET /api/veiculos/modelos/?marca=1 HTTP/1.1" 200 147
[30/Apr/2026 11:59:55] "GET /api/veiculos/versoes/?modelo=1 HTTP/1.1" 200 216
[30/Apr/2026 12:00:27] "GET /api/veiculos/ativos/?placa=TST-1234 HTTP/1.1" 200 361
[30/Apr/2026 12:00:27] "GET /api/veiculos/modelos/?marca=1 HTTP/1.1" 200 147
[30/Apr/2026 12:00:27] "GET /api/veiculos/versoes/?modelo=1 HTTP/1.1" 200 216
[30/Apr/2026 12:01:03] "GET /api/veiculos/ativos/?placa=TST-1234 HTTP/1.1" 200 361
[30/Apr/2026 12:01:03] "GET /api/veiculos/modelos/?marca=1 HTTP/1.1" 200 147
[30/Apr/2026 12:01:03] "GET /api/veiculos/versoes/?modelo=1 HTTP/1.1" 200 216
[30/Apr/2026 12:01:23] "GET /api/veiculos/ativos/?placa=TST-1234 HTTP/1.1" 200 361
[30/Apr/2026 12:01:23] "GET /api/veiculos/modelos/?marca=1 HTTP/1.1" 200 147
[30/Apr/2026 12:01:23] "GET /api/veiculos/versoes/?modelo=1 HTTP/1.1" 200 216
[30/Apr/2026 12:02:24] "GET /api/veiculos/ativos/?placa=TST-1234 HTTP/1.1" 200 361
[30/Apr/2026 12:02:24] "GET /api/veiculos/modelos/?marca=1 HTTP/1.1" 200 147
[30/Apr/2026 12:02:24] "GET /api/veiculos/versoes/?modelo=1 HTTP/1.1" 200 216
[30/Apr/2026 12:02:48] "GET /api/veiculos/ativos/?placa=TST-1234 HTTP/1.1" 200 361
[30/Apr/2026 12:02:48] "GET /api/veiculos/modelos/?marca=1 HTTP/1.1" 200 147
[30/Apr/2026 12:02:48] "GET /api/veiculos/versoes/?modelo=1 HTTP/1.1" 200 216
[30/Apr/2026 12:03:14] "GET /api/veiculos/ativos/?placa=TST-1234 HTTP/1.1" 200 361
[30/Apr/2026 12:03:14] "GET /api/veiculos/modelos/?marca=1 HTTP/1.1" 200 147
[30/Apr/2026 12:03:14] "GET /api/veiculos/versoes/?modelo=1 HTTP/1.1" 200 216
[30/Apr/2026 12:03:41] "GET /api/veiculos/ativos/?placa=TST-1234 HTTP/1.1" 200 361
[30/Apr/2026 12:03:41] "GET /api/veiculos/modelos/?marca=1 HTTP/1.1" 200 147
[30/Apr/2026 12:03:41] "GET /api/veiculos/versoes/?modelo=1 HTTP/1.1" 200 216
[30/Apr/2026 12:04:26] "GET /api/veiculos/ativos/?placa=TST-1234 HTTP/1.1" 200 361
[30/Apr/2026 12:04:26] "GET /api/veiculos/modelos/?marca=1 HTTP/1.1" 200 147
[30/Apr/2026 12:04:27] "GET /api/veiculos/versoes/?modelo=1 HTTP/1.1" 200 216
[30/Apr/2026 12:04:54] "GET /api/veiculos/ativos/?placa=TST-1234 HTTP/1.1" 200 361
[30/Apr/2026 12:04:54] "GET /api/veiculos/modelos/?marca=1 HTTP/1.1" 200 147
[30/Apr/2026 12:04:54] "GET /api/veiculos/versoes/?modelo=1 HTTP/1.1" 200 216
[30/Apr/2026 12:05:19] "GET /api/veiculos/ativos/?placa=TST-1234 HTTP/1.1" 200 361
[30/Apr/2026 12:05:19] "GET /api/veiculos/modelos/?marca=1 HTTP/1.1" 200 147
[30/Apr/2026 12:05:19] "GET /api/veiculos/versoes/?modelo=1 HTTP/1.1" 200 216
[30/Apr/2026 12:06:17] "GET /api/veiculos/ativos/?placa=TST-1234 HTTP/1.1" 200 361
[30/Apr/2026 12:06:17] "GET /api/veiculos/modelos/?marca=1 HTTP/1.1" 200 147
[30/Apr/2026 12:06:17] "GET /api/veiculos/versoes/?modelo=1 HTTP/1.1" 200 216
[30/Apr/2026 12:06:39] "GET /api/veiculos/marcas/ HTTP/1.1" 200 90
[30/Apr/2026 12:06:39] "GET /api/core/clientes/ HTTP/1.1" 200 272
[30/Apr/2026 12:06:39] "GET /api/veiculos/marcas/ HTTP/1.1" 200 90
[30/Apr/2026 12:06:39] "GET /api/core/clientes/ HTTP/1.1" 200 272
[30/Apr/2026 12:06:59] "GET /api/veiculos/ativos/?placa=TST-1234 HTTP/1.1" 200 361
[30/Apr/2026 12:06:59] "GET /api/veiculos/modelos/?marca=1 HTTP/1.1" 200 147
[30/Apr/2026 12:06:59] "GET /api/veiculos/versoes/?modelo=1 HTTP/1.1" 200 216
[30/Apr/2026 12:07:46] "GET /api/veiculos/ativos/?placa=TST-1234 HTTP/1.1" 200 361
[30/Apr/2026 12:07:46] "GET /api/veiculos/modelos/?marca=1 HTTP/1.1" 200 147
[30/Apr/2026 12:07:46] "GET /api/veiculos/versoes/?modelo=1 HTTP/1.1" 200 216
[30/Apr/2026 12:08:14] "GET /api/veiculos/ativos/?placa=TST-1234 HTTP/1.1" 200 361
[30/Apr/2026 12:08:14] "GET /api/veiculos/modelos/?marca=1 HTTP/1.1" 200 147
[30/Apr/2026 12:08:14] "GET /api/veiculos/versoes/?modelo=1 HTTP/1.1" 200 216
[30/Apr/2026 12:13:39] "GET /api/veiculos/marcas/ HTTP/1.1" 200 90
[30/Apr/2026 12:14:53] "GET /api/veiculos/modelos/?marca=1 HTTP/1.1" 200 147
[30/Apr/2026 12:15:26] "GET /api/core/clientes/ HTTP/1.1" 200 272
[30/Apr/2026 12:16:29] "GET /api/veiculos/versoes/ HTTP/1.1" 200 216
[30/Apr/2026 12:16:37] "GET /api/veiculos/ativos/ HTTP/1.1" 200 361
[30/Apr/2026 12:20:00] "GET /api/veiculos/marcas/ HTTP/1.1" 200 549
[30/Apr/2026 12:20:00] "GET /api/core/clientes/ HTTP/1.1" 200 1105
[30/Apr/2026 12:20:00] "GET /api/veiculos/marcas/ HTTP/1.1" 200 549
[30/Apr/2026 12:20:00] "GET /api/core/clientes/ HTTP/1.1" 200 1105
[30/Apr/2026 12:20:33] "GET /api/veiculos/ativos/?placa=VWG-0001 HTTP/1.1" 200 361
[30/Apr/2026 12:20:34] "GET /api/veiculos/modelos/?marca=1 HTTP/1.1" 200 147
[30/Apr/2026 12:20:34] "GET /api/veiculos/versoes/?modelo=1 HTTP/1.1" 200 216
[30/Apr/2026 12:20:54] "GET /api/veiculos/ativos/?placa=VWG-0001 HTTP/1.1" 200 361
[30/Apr/2026 12:20:54] "GET /api/veiculos/modelos/?marca=1 HTTP/1.1" 200 147
[30/Apr/2026 12:20:54] "GET /api/veiculos/versoes/?modelo=1 HTTP/1.1" 200 216
[30/Apr/2026 12:21:10] "GET /api/veiculos/ativos/?placa=VWG-0001 HTTP/1.1" 200 361
[30/Apr/2026 12:21:10] "GET /api/veiculos/modelos/?marca=1 HTTP/1.1" 200 147
[30/Apr/2026 12:21:10] "GET /api/veiculos/versoes/?modelo=1 HTTP/1.1" 200 216
[30/Apr/2026 12:21:27] "GET /api/veiculos/marcas/ HTTP/1.1" 200 549
[30/Apr/2026 12:21:27] "GET /api/core/clientes/ HTTP/1.1" 200 1105
[30/Apr/2026 12:21:27] "GET /api/core/clientes/ HTTP/1.1" 200 1105
[30/Apr/2026 12:21:27] "GET /api/veiculos/marcas/ HTTP/1.1" 200 549
[30/Apr/2026 12:21:42] "GET /api/veiculos/ativos/?placa=VWG-0001 HTTP/1.1" 200 361
[30/Apr/2026 12:21:42] "GET /api/veiculos/modelos/?marca=1 HTTP/1.1" 200 147
[30/Apr/2026 12:21:42] "GET /api/veiculos/versoes/?modelo=1 HTTP/1.1" 200 216
